This is pdfTeX, Version 3.141592653-2.6-1.40.27 (MiKTeX 25.3) (preloaded format=pdflatex 2025.4.13)  29 APR 2025 01:47
entering extended mode
 restricted \write18 enabled.
 file:line:error style messages enabled.
 %&-line parsing enabled.
**/run/media/none/backupTB/WiniotProject/iotProject/docs/tesi/tesi.tex
(/run/media/none/backupTB/WiniotProject/iotProject/docs/tesi/tesi.tex
LaTeX2e <2024-11-01> patch level 2
L3 programming layer <2025-01-18>
(/home/none/.miktex/texmfs/install/tex/latex/base/report.cls
Document Class: report 2024/06/29 v1.4n Standard LaTeX document class
(/home/none/.miktex/texmfs/install/tex/latex/base/size12.clo
File: size12.clo 2024/06/29 v1.4n Standard LaTeX file (size option)
)
\c@part=\count196
\c@chapter=\count197
\c@section=\count198
\c@subsection=\count199
\c@subsubsection=\count266
\c@paragraph=\count267
\c@subparagraph=\count268
\c@figure=\count269
\c@table=\count270
\abovecaptionskip=\skip49
\belowcaptionskip=\skip50
\bibindent=\dimen141
)
(/home/none/.miktex/texmfs/install/tex/generic/babel/babel.sty
Package: babel 2025/03/27 v25.6 The multilingual framework for pdfLaTeX, LuaLaT
eX and XeLaTeX
\babel@savecnt=\count271
\U@D=\dimen142
\l@unhyphenated=\language1

(/home/none/.miktex/texmfs/install/tex/generic/babel/txtbabel.def)
\bbl@readstream=\read2
\bbl@dirlevel=\count272

*************************************
* Local config file bblopts.cfg used
*
(/home/none/.miktex/texmfs/install/tex/latex/arabi/bblopts.cfg
File: bblopts.cfg 2005/09/08 v0.1 add Arabic and Farsi to "declared" options of
 babel
)
(/home/none/.miktex/texmfs/install/tex/latex/babel-italian/italian.ldf
Language: italian 2024/10/10 v.1.5.01 Italian support for the babel system


Package babel Warning: No hyphenation patterns were preloaded for
(babel)                the language 'Italian' into the format.
(babel)                Please, configure your TeX system to add them and
(babel)                rebuild the format. Now I will use the patterns
(babel)                preloaded for \language=0 instead on input line 21.

\it@lettering=\count273
\it@doublequoteactive=\count274
\it@ISOcompliance=\count275
))
(/home/none/.miktex/texmfs/install/tex/generic/babel/locale/it/babel-italian.te
x
Package babel Info: Importing font and identification data for italian
(babel)             from babel-it.ini. Reported on input line 11.
) (/home/none/.miktex/texmfs/install/tex/latex/etoolbox/etoolbox.sty
Package: etoolbox 2025/02/11 v2.5l e-TeX tools for LaTeX (JAW)
\etb@tempcnta=\count276
)
(/home/none/.miktex/texmfs/install/tex/latex/base/inputenc.sty
Package: inputenc 2024/02/08 v1.3d Input encoding file
\inpenc@prehook=\toks17
\inpenc@posthook=\toks18
)
(/home/none/.miktex/texmfs/install/tex/latex/graphics/graphicx.sty
Package: graphicx 2021/09/16 v1.2d Enhanced LaTeX Graphics (DPC,SPQR)

(/home/none/.miktex/texmfs/install/tex/latex/graphics/keyval.sty
Package: keyval 2022/05/29 v1.15 key=value parser (DPC)
\KV@toks@=\toks19
)
(/home/none/.miktex/texmfs/install/tex/latex/graphics/graphics.sty
Package: graphics 2024/08/06 v1.4g Standard LaTeX Graphics (DPC,SPQR)

(/home/none/.miktex/texmfs/install/tex/latex/graphics/trig.sty
Package: trig 2023/12/02 v1.11 sin cos tan (DPC)
)
(/home/none/.miktex/texmfs/install/tex/latex/graphics-cfg/graphics.cfg
File: graphics.cfg 2016/06/04 v1.11 sample graphics configuration
)
Package graphics Info: Driver file: pdftex.def on input line 106.

(/home/none/.miktex/texmfs/install/tex/latex/graphics-def/pdftex.def
File: pdftex.def 2024/04/13 v1.2c Graphics/color driver for pdftex
))
\Gin@req@height=\dimen143
\Gin@req@width=\dimen144
)
(/home/none/.miktex/texmfs/install/tex/latex/float/float.sty
Package: float 2001/11/08 v1.3d Float enhancements (AL)
\c@float@type=\count277
\float@exts=\toks20
\float@box=\box52
\@float@everytoks=\toks21
\@floatcapt=\box53
)
(/home/none/.miktex/texmfs/install/tex/latex/hyperref/hyperref.sty
Package: hyperref 2024-11-05 v7.01l Hypertext links for LaTeX

(/home/none/.miktex/texmfs/install/tex/generic/iftex/iftex.sty
Package: iftex 2024/12/12 v1.0g TeX engine tests
)
(/home/none/.miktex/texmfs/install/tex/latex/kvsetkeys/kvsetkeys.sty
Package: kvsetkeys 2022-10-05 v1.19 Key value parser (HO)
)
(/home/none/.miktex/texmfs/install/tex/generic/kvdefinekeys/kvdefinekeys.sty
Package: kvdefinekeys 2019-12-19 v1.6 Define keys (HO)
)
(/home/none/.miktex/texmfs/install/tex/generic/pdfescape/pdfescape.sty
Package: pdfescape 2019/12/09 v1.15 Implements pdfTeX's escape features (HO)

(/home/none/.miktex/texmfs/install/tex/generic/ltxcmds/ltxcmds.sty
Package: ltxcmds 2023-12-04 v1.26 LaTeX kernel commands for general use (HO)
)
(/home/none/.miktex/texmfs/install/tex/generic/pdftexcmds/pdftexcmds.sty
Package: pdftexcmds 2020-06-27 v0.33 Utility functions of pdfTeX for LuaTeX (HO
)

(/home/none/.miktex/texmfs/install/tex/generic/infwarerr/infwarerr.sty
Package: infwarerr 2019/12/03 v1.5 Providing info/warning/error messages (HO)
)
Package pdftexcmds Info: \pdf@primitive is available.
Package pdftexcmds Info: \pdf@ifprimitive is available.
Package pdftexcmds Info: \pdfdraftmode found.
))
(/home/none/.miktex/texmfs/install/tex/latex/hycolor/hycolor.sty
Package: hycolor 2020-01-27 v1.10 Color options for hyperref/bookmark (HO)
)
(/home/none/.miktex/texmfs/install/tex/latex/hyperref/nameref.sty
Package: nameref 2023-11-26 v2.56 Cross-referencing by name of section

(/home/none/.miktex/texmfs/install/tex/latex/refcount/refcount.sty
Package: refcount 2019/12/15 v3.6 Data extraction from label references (HO)
)
(/home/none/.miktex/texmfs/install/tex/generic/gettitlestring/gettitlestring.st
y
Package: gettitlestring 2019/12/15 v1.6 Cleanup title references (HO)
 (/home/none/.miktex/texmfs/install/tex/latex/kvoptions/kvoptions.sty
Package: kvoptions 2022-06-15 v3.15 Key value format for package options (HO)
))
\c@section@level=\count278
)
(/home/none/.miktex/texmfs/install/tex/generic/stringenc/stringenc.sty
Package: stringenc 2019/11/29 v1.12 Convert strings between diff. encodings (HO
)
)
\@linkdim=\dimen145
\Hy@linkcounter=\count279
\Hy@pagecounter=\count280

(/home/none/.miktex/texmfs/install/tex/latex/hyperref/pd1enc.def
File: pd1enc.def 2024-11-05 v7.01l Hyperref: PDFDocEncoding definition (HO)
Now handling font encoding PD1 ...
... no UTF-8 mapping file for font encoding PD1
)
(/home/none/.miktex/texmfs/install/tex/generic/intcalc/intcalc.sty
Package: intcalc 2019/12/15 v1.3 Expandable calculations with integers (HO)
)
\Hy@SavedSpaceFactor=\count281

(/home/none/.miktex/texmfs/install/tex/latex/hyperref/puenc.def
File: puenc.def 2024-11-05 v7.01l Hyperref: PDF Unicode definition (HO)
Now handling font encoding PU ...
... no UTF-8 mapping file for font encoding PU
)
Package hyperref Info: Hyper figures OFF on input line 4157.
Package hyperref Info: Link nesting OFF on input line 4162.
Package hyperref Info: Hyper index ON on input line 4165.
Package hyperref Info: Plain pages OFF on input line 4172.
Package hyperref Info: Backreferencing OFF on input line 4177.
Package hyperref Info: Implicit mode ON; LaTeX internals redefined.
Package hyperref Info: Bookmarks ON on input line 4424.
\c@Hy@tempcnt=\count282

(/home/none/.miktex/texmfs/install/tex/latex/url/url.sty
\Urlmuskip=\muskip17
Package: url 2013/09/16  ver 3.4  Verb mode for urls, etc.
)
LaTeX Info: Redefining \url on input line 4763.
\XeTeXLinkMargin=\dimen146

(/home/none/.miktex/texmfs/install/tex/generic/bitset/bitset.sty
Package: bitset 2019/12/09 v1.3 Handle bit-vector datatype (HO)

(/home/none/.miktex/texmfs/install/tex/generic/bigintcalc/bigintcalc.sty
Package: bigintcalc 2019/12/15 v1.5 Expandable calculations on big integers (HO
)
))
\Fld@menulength=\count283
\Field@Width=\dimen147
\Fld@charsize=\dimen148
Package hyperref Info: Hyper figures OFF on input line 6042.
Package hyperref Info: Link nesting OFF on input line 6047.
Package hyperref Info: Hyper index ON on input line 6050.
Package hyperref Info: backreferencing OFF on input line 6057.
Package hyperref Info: Link coloring OFF on input line 6062.
Package hyperref Info: Link coloring with OCG OFF on input line 6067.
Package hyperref Info: PDF/A mode OFF on input line 6072.

(/home/none/.miktex/texmfs/install/tex/latex/base/atbegshi-ltx.sty
Package: atbegshi-ltx 2021/01/10 v1.0c Emulation of the original atbegshi
package with kernel methods
)
\Hy@abspage=\count284
\c@Item=\count285
\c@Hfootnote=\count286
)
Package hyperref Info: Driver (autodetected): hpdftex.

(/home/none/.miktex/texmfs/install/tex/latex/hyperref/hpdftex.def
File: hpdftex.def 2024-11-05 v7.01l Hyperref driver for pdfTeX

(/home/none/.miktex/texmfs/install/tex/latex/base/atveryend-ltx.sty
Package: atveryend-ltx 2020/08/19 v1.0a Emulation of the original atveryend pac
kage
with kernel methods
)
\Fld@listcount=\count287
\c@bookmark@seq@number=\count288

(/home/none/.miktex/texmfs/install/tex/latex/rerunfilecheck/rerunfilecheck.sty
Package: rerunfilecheck 2022-07-10 v1.10 Rerun checks for auxiliary files (HO)

(/home/none/.miktex/texmfs/install/tex/generic/uniquecounter/uniquecounter.sty
Package: uniquecounter 2019/12/15 v1.4 Provide unlimited unique counter (HO)
)
Package uniquecounter Info: New unique counter `rerunfilecheck' on input line 2
85.
)
\Hy@SectionHShift=\skip51
) (/home/none/.miktex/texmfs/install/tex/latex/tools/longtable.sty
Package: longtable 2024-10-27 v4.22 Multi-page Table package (DPC)
\LTleft=\skip52
\LTright=\skip53
\LTpre=\skip54
\LTpost=\skip55
\LTchunksize=\count289
\LTcapwidth=\dimen149
\LT@head=\box54
\LT@firsthead=\box55
\LT@foot=\box56
\LT@lastfoot=\box57
\LT@gbox=\box58
\LT@cols=\count290
\LT@rows=\count291
\c@LT@tables=\count292
\c@LT@chunks=\count293
\LT@p@ftn=\toks22
)
(/home/none/.miktex/texmfs/install/tex/latex/needspace/needspace.sty
Package: needspace 2025/03/13 v1.3e reserve vertical space
)
(/home/none/.miktex/texmfs/install/tex/latex/amsmath/amsmath.sty
Package: amsmath 2024/11/05 v2.17t AMS math features
\@mathmargin=\skip56

For additional information on amsmath, use the `?' option.
(/home/none/.miktex/texmfs/install/tex/latex/amsmath/amstext.sty
Package: amstext 2021/08/26 v2.01 AMS text

(/home/none/.miktex/texmfs/install/tex/latex/amsmath/amsgen.sty
File: amsgen.sty 1999/11/30 v2.0 generic functions
\@emptytoks=\toks23
\ex@=\dimen150
))
(/home/none/.miktex/texmfs/install/tex/latex/amsmath/amsbsy.sty
Package: amsbsy 1999/11/29 v1.2d Bold Symbols
\pmbraise@=\dimen151
)
(/home/none/.miktex/texmfs/install/tex/latex/amsmath/amsopn.sty
Package: amsopn 2022/04/08 v2.04 operator names
)
\inf@bad=\count294
LaTeX Info: Redefining \frac on input line 233.
\uproot@=\count295
\leftroot@=\count296
LaTeX Info: Redefining \overline on input line 398.
LaTeX Info: Redefining \colon on input line 409.
\classnum@=\count297
\DOTSCASE@=\count298
LaTeX Info: Redefining \ldots on input line 495.
LaTeX Info: Redefining \dots on input line 498.
LaTeX Info: Redefining \cdots on input line 619.
\Mathstrutbox@=\box59
\strutbox@=\box60
LaTeX Info: Redefining \big on input line 721.
LaTeX Info: Redefining \Big on input line 722.
LaTeX Info: Redefining \bigg on input line 723.
LaTeX Info: Redefining \Bigg on input line 724.
\big@size=\dimen152
LaTeX Font Info:    Redeclaring font encoding OML on input line 742.
LaTeX Font Info:    Redeclaring font encoding OMS on input line 743.
\macc@depth=\count299
LaTeX Info: Redefining \bmod on input line 904.
LaTeX Info: Redefining \pmod on input line 909.
LaTeX Info: Redefining \smash on input line 939.
LaTeX Info: Redefining \relbar on input line 969.
LaTeX Info: Redefining \Relbar on input line 970.
\c@MaxMatrixCols=\count300
\dotsspace@=\muskip18
\c@parentequation=\count301
\dspbrk@lvl=\count302
\tag@help=\toks24
\row@=\count303
\column@=\count304
\maxfields@=\count305
\andhelp@=\toks25
\eqnshift@=\dimen153
\alignsep@=\dimen154
\tagshift@=\dimen155
\tagwidth@=\dimen156
\totwidth@=\dimen157
\lineht@=\dimen158
\@envbody=\toks26
\multlinegap=\skip57
\multlinetaggap=\skip58
\mathdisplay@stack=\toks27
LaTeX Info: Redefining \[ on input line 2953.
LaTeX Info: Redefining \] on input line 2954.
)
(/home/none/.miktex/texmfs/install/tex/latex/siunitx/siunitx.sty
Package: siunitx 2025-04-19 v3.4.9 A comprehensive (SI) units package
\l__siunitx_number_uncert_offset_int=\count306
\l__siunitx_number_exponent_fixed_int=\count307
\l__siunitx_number_min_decimal_int=\count308
\l__siunitx_number_min_integer_int=\count309
\l__siunitx_number_round_precision_int=\count310
\l__siunitx_number_lower_threshold_int=\count311
\l__siunitx_number_upper_threshold_int=\count312
\l__siunitx_number_group_first_int=\count313
\l__siunitx_number_group_size_int=\count314
\l__siunitx_number_group_minimum_int=\count315
\l__siunitx_angle_tmp_dim=\dimen159
\l__siunitx_angle_marker_box=\box61
\l__siunitx_angle_unit_box=\box62
\l__siunitx_compound_count_int=\count316

(/home/none/.miktex/texmfs/install/tex/latex/translations/translations.sty
Package: translations 2022/02/05 v1.12 internationalization of LaTeX2e packages
 (CN)
)
\l__siunitx_table_tmp_box=\box63
\l__siunitx_table_tmp_dim=\dimen160
\l__siunitx_table_column_width_dim=\dimen161
\l__siunitx_table_integer_box=\box64
\l__siunitx_table_decimal_box=\box65
\l__siunitx_table_uncert_box=\box66
\l__siunitx_table_before_box=\box67
\l__siunitx_table_after_box=\box68
\l__siunitx_table_before_dim=\dimen162
\l__siunitx_table_carry_dim=\dimen163
\l__siunitx_unit_tmp_int=\count317
\l__siunitx_unit_position_int=\count318
\l__siunitx_unit_total_int=\count319

(/home/none/.miktex/texmfs/install/tex/latex/tools/array.sty
Package: array 2024/10/17 v2.6g Tabular extension package (FMi)
\col@sep=\dimen164
\ar@mcellbox=\box69
\extrarowheight=\dimen165
\NC@list=\toks28
\extratabsurround=\skip59
\backup@length=\skip60
\ar@cellbox=\box70
))
(/home/none/.miktex/texmfs/install/tex/latex/booktabs/booktabs.sty
Package: booktabs 2020/01/12 v1.61803398 Publication quality tables
\heavyrulewidth=\dimen166
\lightrulewidth=\dimen167
\cmidrulewidth=\dimen168
\belowrulesep=\dimen169
\belowbottomsep=\dimen170
\aboverulesep=\dimen171
\abovetopsep=\dimen172
\cmidrulesep=\dimen173
\cmidrulekern=\dimen174
\defaultaddspace=\dimen175
\@cmidla=\count320
\@cmidlb=\count321
\@aboverulesep=\dimen176
\@belowrulesep=\dimen177
\@thisruleclass=\count322
\@lastruleclass=\count323
\@thisrulewidth=\dimen178
)
(/home/none/.miktex/texmfs/install/tex/latex/graphics/color.sty
Package: color 2024/06/23 v1.3e Standard LaTeX Color (DPC)

(/home/none/.miktex/texmfs/install/tex/latex/graphics-cfg/color.cfg
File: color.cfg 2016/01/02 v1.6 sample color configuration
)
Package color Info: Driver file: pdftex.def on input line 149.

(/home/none/.miktex/texmfs/install/tex/latex/graphics/mathcolor.ltx))
(/home/none/.miktex/texmfs/install/tex/latex/l3backend/l3backend-pdftex.def
File: l3backend-pdftex.def 2024-05-08 L3 backend support: PDF output (pdfTeX)
\l__color_backend_stack_int=\count324
\l__pdf_internal_box=\box71
)
(tesi.aux)
\openout1 = `tesi.aux'.

LaTeX Font Info:    Checking defaults for OML/cmm/m/it on input line 13.
LaTeX Font Info:    ... okay on input line 13.
LaTeX Font Info:    Checking defaults for OMS/cmsy/m/n on input line 13.
LaTeX Font Info:    ... okay on input line 13.
LaTeX Font Info:    Checking defaults for OT1/cmr/m/n on input line 13.
LaTeX Font Info:    ... okay on input line 13.
LaTeX Font Info:    Checking defaults for T1/cmr/m/n on input line 13.
LaTeX Font Info:    ... okay on input line 13.
LaTeX Font Info:    Checking defaults for TS1/cmr/m/n on input line 13.
LaTeX Font Info:    ... okay on input line 13.
LaTeX Font Info:    Checking defaults for OMX/cmex/m/n on input line 13.
LaTeX Font Info:    ... okay on input line 13.
LaTeX Font Info:    Checking defaults for U/cmr/m/n on input line 13.
LaTeX Font Info:    ... okay on input line 13.
LaTeX Font Info:    Checking defaults for PD1/pdf/m/n on input line 13.
LaTeX Font Info:    ... okay on input line 13.
LaTeX Font Info:    Checking defaults for PU/pdf/m/n on input line 13.
LaTeX Font Info:    ... okay on input line 13.
LaTeX Info: Redefining \it@ocap on input line 13.
LaTeX Info: Redefining \it@ccap on input line 13.


File italian.ldf warning: 
italian.ldf    With OT1 encoding guillemets are poorly faked
italian.ldf    Use T1 encoding
italian.ldf    or specify a font with command \CaporaliFrom
italian.ldf    See the documentation concerning the babel-italian typesetting
italian.ldf    on input line 13.

(/home/none/.miktex/texmfs/install/tex/context/base/mkii/supp-pdf.mkii
[Loading MPS to PDF converter (version 2006.09.02).]
\scratchcounter=\count325
\scratchdimen=\dimen179
\scratchbox=\box72
\nofMPsegments=\count326
\nofMParguments=\count327
\everyMPshowfont=\toks29
\MPscratchCnt=\count328
\MPscratchDim=\dimen180
\MPnumerator=\count329
\makeMPintoPDFobject=\count330
\everyMPtoPDFconversion=\toks30
) (/home/none/.miktex/texmfs/install/tex/latex/epstopdf-pkg/epstopdf-base.sty
Package: epstopdf-base 2020-01-24 v2.11 Base part for package epstopdf
Package epstopdf-base Info: Redefining graphics rule for `.eps' on input line 4
85.

(/home/none/.miktex/texmfs/install/tex/latex/00miktex/epstopdf-sys.cfg
File: epstopdf-sys.cfg 2021/03/18 v2.0 Configuration of epstopdf for MiKTeX
))
Package hyperref Info: Link coloring OFF on input line 13.

(tesi.out) (tesi.out)
\@outlinefile=\write3
\openout3 = `tesi.out'.

Package translations Info: no dictionary file `translations-basic-dictionary-it
alian.trsl' found. on input line 13.


[1

{/home/none/.miktex/texmfs/data/fonts/map/pdftex/pdftex.map}] (tesi.toc)
\tf@toc=\write4
\openout4 = `tesi.toc'.




pdfTeX warning (ext4): destination with the same identifier (name{page.1}) has 
been already used, duplicate ignored
<to be read again> 
                   \relax 
l.27 \chapter
             {Introduzione} [1

]

[2]
Capitolo 1.


[3

]
<../../image/Library.png, id=180, 315.1775pt x 558.085pt>
File: ../../image/Library.png Graphic file (type png)
<use ../../image/Library.png>
Package pdftex.def Info: ../../image/Library.png  used on input line 58.
(pdftex.def)             Requested size: 117.00119pt x 207.16948pt.


[4 <../../image/Library.png>]
Capitolo 2.
<../../image/psu.png, id=191, 767.86874pt x 255.95625pt>
File: ../../image/psu.png Graphic file (type png)
<use ../../image/psu.png>
Package pdftex.def Info: ../../image/psu.png  used on input line 74.
(pdftex.def)             Requested size: 390.0pt x 130.00089pt.


[5

 <../../image/psu.png>]

[6]
<../../image/IngressiDigitali.png, id=210, 555.07375pt x 414.54875pt>
File: ../../image/IngressiDigitali.png Graphic file (type png)
<use ../../image/IngressiDigitali.png>
Package pdftex.def Info: ../../image/IngressiDigitali.png  used on input line 1
23.
(pdftex.def)             Requested size: 390.0pt x 291.27013pt.


[7 <../../image/IngressiDigitali.png>]

[8]
<../../image/CD405xB.png, id=224, 694.595pt x 601.24625pt>
File: ../../image/CD405xB.png Graphic file (type png)
<use ../../image/CD405xB.png>
Package pdftex.def Info: ../../image/CD405xB.png  used on input line 158.
(pdftex.def)             Requested size: 195.0pt x 168.78816pt.


[9 <../../image/CD405xB.png>]
<../../image/fromMutexToPeripheral.png, id=234, 10539.375pt x 14905.6875pt>
File: ../../image/fromMutexToPeripheral.png Graphic file (type png)
<use ../../image/fromMutexToPeripheral.png>
Package pdftex.def Info: ../../image/fromMutexToPeripheral.png  used on input l
ine 191.
(pdftex.def)             Requested size: 390.0pt x 551.5473pt.


[10]
<../../image/channelMultiplex.png, id=240, 1731.46875pt x 2312.64pt>
File: ../../image/channelMultiplex.png Graphic file (type png)
<use ../../image/channelMultiplex.png>
Package pdftex.def Info: ../../image/channelMultiplex.png  used on input line 2
01.
(pdftex.def)             Requested size: 390.0pt x 520.88617pt.


[11 <../../image/fromMutexToPeripheral.png>]

[12]
Overfull \vbox (8.71948pt too high) has occurred while \output is active []



[13 <../../image/channelMultiplex.png>]

[14]

[15]

[16]
<../../image/SD_and_W5500.png, id=288, 418.56375pt x 610.28pt>
File: ../../image/SD_and_W5500.png Graphic file (type png)
<use ../../image/SD_and_W5500.png>
Package pdftex.def Info: ../../image/SD_and_W5500.png  used on input line 384.
(pdftex.def)             Requested size: 272.99881pt x 398.03687pt.


[17]

[18 <../../image/SD_and_W5500.png>]
Overfull \hbox (17.13803pt too wide) in paragraph at lines 412--413
[]\OT1/cmr/bx/n/12 Stack TCP/IP hardware integrato\OT1/cmr/m/n/12 : Libera riso
rse sul microcontrollore
 []



[19]
<../../image/ModbusWiring.png, id=316, 710.655pt x 803.0pt>
File: ../../image/ModbusWiring.png Graphic file (type png)
<use ../../image/ModbusWiring.png>
Package pdftex.def Info: ../../image/ModbusWiring.png  used on input line 429.
(pdftex.def)             Requested size: 350.99762pt x 396.6224pt.


[20 <../../image/ModbusWiring.png>]

[21]
<../../image/ADC.png, id=328, 1151.30125pt x 434.62375pt>
File: ../../image/ADC.png Graphic file (type png)
<use ../../image/ADC.png>
Package pdftex.def Info: ../../image/ADC.png  used on input line 465.
(pdftex.def)             Requested size: 390.0pt x 147.2263pt.


[22 <../../image/ADC.png>]
Overfull \hbox (22.83072pt too wide) in paragraph at lines 493--494
[]\OT1/cmr/bx/n/12 Basso Consumo Energetico\OT1/cmr/m/n/12 : Modalit^^Ra di bas
so consumo per applicazioni
 []

<../../image/ESP-38Pin-pinout.jpg, id=337, 832.5504pt x 473.6094pt>
File: ../../image/ESP-38Pin-pinout.jpg Graphic file (type jpg)
<use ../../image/ESP-38Pin-pinout.jpg>
Package pdftex.def Info: ../../image/ESP-38Pin-pinout.jpg  used on input line 5
01.
(pdftex.def)             Requested size: 390.0pt x 221.85933pt.


[23]
<../../image/collegamenti_daESP.png, id=343, 6323.625pt x 8943.4125pt>
File: ../../image/collegamenti_daESP.png Graphic file (type png)
<use ../../image/collegamenti_daESP.png>
Package pdftex.def Info: ../../image/collegamenti_daESP.png  used on input line
 508.
(pdftex.def)             Requested size: 390.0pt x 551.45633pt.


[24 <../../image/ESP-38Pin-pinout.jpg>]
Overfull \hbox (14.06596pt too wide) in paragraph at lines 516--552
 [][] 
 []



[25 <../../image/collegamenti_daESP.png>]

[26]
Capitolo 3.
<../../image/uml.png, id=361, 1803.73875pt x 948.54375pt>
File: ../../image/uml.png Graphic file (type png)
<use ../../image/uml.png>
Package pdftex.def Info: ../../image/uml.png  used on input line 560.
(pdftex.def)             Requested size: 390.0pt x 205.09082pt.


[27

 <../../image/uml.png>]

[28]

[29]
Overfull \hbox (42.25021pt too wide) in paragraph at lines 645--645
[]        \OT1/cmtt/m/n/12 static String generateHTML(std::vector<std::string> 
ssidList);[] 
 []


Overfull \hbox (388.05038pt too wide) in paragraph at lines 645--645
[]        \OT1/cmtt/m/n/12 static String generateComponents(std::vector<std::st
ring> &networks); //Componente che vogliamo aggiungere alla pagina[] 
 []


Overfull \hbox (116.35025pt too wide) in paragraph at lines 693--693
[]    \OT1/cmtt/m/n/12 String viewConfig::generateListComponents( std::vector<s
td::string> &networks)[] 
 []


Overfull \hbox (295.42534pt too wide) in paragraph at lines 693--693
[]            \OT1/cmtt/m/n/12 html += "<option value='" + String(network.c_str
()) + "'>" + String(network.c_str()) + "</option>";[] 
 []



[30]
Overfull \hbox (110.17525pt too wide) in paragraph at lines 693--693
[]        \OT1/cmtt/m/n/12 html += "<input type='password' id='password' name='
password' required>";[] 
 []


Overfull \hbox (42.25021pt too wide) in paragraph at lines 693--693
[]    \OT1/cmtt/m/n/12 String viewConfig::generateHTML(std::vector<std::string>
 ssidList)[] 
 []


Overfull \hbox (23.7252pt too wide) in paragraph at lines 693--693
[]        \OT1/cmtt/m/n/12 String html = viewGeneric::defaultCssHeader("Config 
Page");[] 
 []


Overfull \hbox (159.57527pt too wide) in paragraph at lines 715--715
[]        \OT1/cmtt/m/n/12 server.on("/new_component_routes", HTTP_GET, [](Asyn
cWebServerRequest *request) {[] 
 []


Overfull \hbox (320.12535pt too wide) in paragraph at lines 715--715
[]            \OT1/cmtt/m/n/12 String htmlContent = viewConfig::generateHTML(Sy
stemState::getInstance()->wifiManager->scanNetworks());[] 
 []



[31]

[32]
Capitolo 4.

Overfull \hbox (25.19998pt too wide) in alignment at lines 740--743
 [] [] 
 []


Overfull \hbox (25.19998pt too wide) in alignment at lines 743--746
 [] [] 
 []


Overfull \hbox (25.19998pt too wide) in alignment at lines 746--748
 [] [] 
 []


Underfull \hbox (badness 10000) in paragraph at lines 751--751
[]\OT1/cmr/m/n/12 implementazione una opportuna tabella di
 []


Underfull \hbox (badness 10000) in paragraph at lines 753--753
[]|\OT1/cmr/bx/n/12 Lettura segnali
 []


Underfull \hbox (badness 2922) in paragraph at lines 753--753
[]|\OT1/cmr/m/n/12 Implementare la lettura di segnali analogici
 []


Underfull \hbox (badness 1852) in paragraph at lines 754--754
[]|\OT1/cmr/m/n/12 Sviluppare la gestione delle uscite digitali e
 []


Underfull \hbox (badness 1331) in paragraph at lines 755--755
[]|\OT1/cmr/bx/n/12 Comunicazione RS485
 []


Overfull \hbox (25.19998pt too wide) in alignment at lines 748--759
 [] [] 
 []



[33

]
Capitolo 5.


[34

] (tesi.aux)
 ***********
LaTeX2e <2024-11-01> patch level 2
L3 programming layer <2025-01-18>
 ***********
Package rerunfilecheck Info: File `tesi.out' has not changed.
(rerunfilecheck)             Checksum: 1C4DD61528DC44C3E2352D434907FD69;3613.
 ) 
Here is how much of TeX's memory you used:
 14620 strings out of 475460
 283191 string characters out of 5766735
 671470 words of memory out of 5000000
 37320 multiletter control sequences out of 15000+600000
 567573 words of font info for 66 fonts, out of 8000000 for 9000
 0 hyphenation exceptions out of 8191
 75i,10n,79p,435b,1185s stack positions out of 10000i,1000n,20000p,200000b,200000s
 </home/none/.miktex/texmfs/data/fonts/pk/ljfour/jknappen/ec/dpi600/tcrm1200.
pk></home/none/.miktex/texmfs/install/fonts/type1/public/amsfonts/cm/cmbx12.pfb
></home/none/.miktex/texmfs/install/fonts/type1/public/amsfonts/cm/cmmi12.pfb><
/home/none/.miktex/texmfs/install/fonts/type1/public/amsfonts/cm/cmmi8.pfb></ho
me/none/.miktex/texmfs/install/fonts/type1/public/amsfonts/cm/cmr12.pfb></home/
none/.miktex/texmfs/install/fonts/type1/public/amsfonts/cm/cmr17.pfb></home/non
e/.miktex/texmfs/install/fonts/type1/public/amsfonts/cm/cmr8.pfb></home/none/.m
iktex/texmfs/install/fonts/type1/public/amsfonts/cm/cmsy10.pfb></home/none/.mik
tex/texmfs/install/fonts/type1/public/amsfonts/cm/cmti12.pfb></home/none/.mikte
x/texmfs/install/fonts/type1/public/amsfonts/cm/cmtt12.pfb>
Output written on tesi.pdf (35 pages, 6143739 bytes).
PDF statistics:
 491 PDF objects out of 1000 (max. 8388607)
 139 named destinations out of 1000 (max. 500000)
 285 words of extra memory for PDF output out of 10000 (max. 10000000)

