\BOOKMARK [0][-]{chapter.1}{\376\377\000I\000n\000t\000r\000o\000d\000u\000z\000i\000o\000n\000e}{}% 1
\BOOKMARK [1][-]{section.1.1}{\376\377\000D\000i\000p\000e\000n\000d\000e\000n\000z\000e}{chapter.1}% 2
\BOOKMARK [1][-]{section.1.2}{\376\377\000C\000o\000n\000f\000i\000g\000u\000r\000a\000z\000i\000o\000n\000e\000\040\000d\000e\000l\000l\000'\000A\000r\000d\000u\000i\000n\000o\000\040\000I\000D\000E}{chapter.1}% 3
\BOOKMARK [0][-]{chapter.2}{\376\377\000H\000a\000r\000d\000w\000a\000r\000e}{}% 4
\BOOKMARK [1][-]{section.2.1}{\376\377\000F\000u\000n\000z\000i\000o\000n\000a\000m\000e\000n\000t\000o}{chapter.2}% 5
\BOOKMARK [2][-]{subsection.2.1.1}{\376\377\000A\000l\000i\000m\000e\000n\000t\000a\000z\000i\000o\000n\000e}{section.2.1}% 6
\BOOKMARK [2][-]{subsection.2.1.2}{\376\377\000I\000n\000g\000r\000e\000s\000s\000i\000\040\000D\000i\000g\000i\000t\000a\000l\000i}{section.2.1}% 7
\BOOKMARK [2][-]{subsection.2.1.3}{\376\377\000M\000u\000l\000t\000i\000p\000l\000e\000x}{section.2.1}% 8
\BOOKMARK [1][-]{section.2.2}{\376\377\000\040\000h\000a\000r\000d\000w\000a\000r\000e\000\040\000e\000s\000t\000e\000r\000n\000o\000\040\000p\000o\000s\000i\000z\000i\000o\000n\000a\000b\000i\000l\000e\000\040\000s\000u\000l\000l\000a\000\040\000b\000o\000a\000r\000d}{chapter.2}% 9
\BOOKMARK [2][-]{subsection.2.2.1}{\376\377\000M\000A\000X\0003\0001\0008\0006\0005}{section.2.2}% 10
\BOOKMARK [2][-]{subsection.2.2.2}{\376\377\000E\000S\000P\0003\0002\000\040\0003\0008\000\040\000P\000i\000n}{section.2.2}% 11
\BOOKMARK [0][-]{chapter.3}{\376\377\000S\000o\000f\000t\000w\000a\000r\000e}{}% 12
\BOOKMARK [1][-]{section.3.1}{\376\377\000D\000i\000a\000g\000r\000a\000m\000m\000a\000\040\000U\000M\000L}{chapter.3}% 13
\BOOKMARK [2][-]{subsection.3.1.1}{\376\377\000P\000a\000t\000t\000e\000r\000n}{section.3.1}% 14
\BOOKMARK [1][-]{section.3.2}{\376\377\000p\000e\000r\000f\000o\000r\000m\000a\000c\000e}{chapter.3}% 15
\BOOKMARK [1][-]{section.3.3}{\376\377\000W\000e\000b\000S\000e\000r\000v\000e\000r}{chapter.3}% 16
\BOOKMARK [1][-]{section.3.4}{\376\377\000M\000o\000d\000b\000u\000s}{chapter.3}% 17
\BOOKMARK [0][-]{chapter.4}{\376\377\000A\000t\000t\000i\000v\000i\000t\000\340}{}% 18
\BOOKMARK [0][-]{chapter.5}{\376\377\000C\000o\000n\000c\000l\000u\000s\000i\000o\000n\000i}{}% 19
\BOOKMARK [1][-]{section.5.1}{\376\377\000S\000v\000i\000l\000u\000p\000p\000i\000\040\000f\000u\000t\000u\000r\000i}{chapter.5}% 20
\BOOKMARK [1][-]{section.5.2}{\376\377\000R\000i\000n\000g\000r\000a\000z\000i\000a\000m\000e\000n\000t\000i}{chapter.5}% 21
