This is pdfTeX, Version 3.141592653-2.6-1.40.26 (MiKTeX 24.4) (preloaded format=pdflatex 2025.2.9)  17 FEB 2025 19:20
entering extended mode
 restricted \write18 enabled.
 file:line:error style messages enabled.
 %&-line parsing enabled.
**c:/Users/Alessio/Documents/IotOldProject/iotProject/docs/tesi.tex
(c:/Users/Alessio/Documents/IotOldProject/iotProject/docs/tesi.tex
LaTeX2e <2024-11-01> patch level 2
L3 programming layer <2025-01-18>
(C:\Users\Alessio\AppData\Local\Programs\MiKTeX\tex/latex/base\report.cls
Document Class: report 2024/06/29 v1.4n Standard LaTeX document class
(C:\Users\Alessio\AppData\Local\Programs\MiKTeX\tex/latex/base\size12.clo
File: size12.clo 2024/06/29 v1.4n Standard LaTeX file (size option)
)
\c@part=\count196
\c@chapter=\count197
\c@section=\count198
\c@subsection=\count199
\c@subsubsection=\count266
\c@paragraph=\count267
\c@subparagraph=\count268
\c@figure=\count269
\c@table=\count270
\abovecaptionskip=\skip49
\belowcaptionskip=\skip50
\bibindent=\dimen141
) (C:\Users\Alessio\AppData\Local\Programs\MiKTeX\tex/generic/babel\babel.sty
Package: babel 2025/02/02 v25.3 The multilingual framework for pdfLaTeX, LuaLaTeX and XeLaTeX
\babel@savecnt=\count271
\U@D=\dimen142
\l@unhyphenated=\language79
 (C:\Users\Alessio\AppData\Local\Programs\MiKTeX\tex/generic/babel\txtbabel.def)
\bbl@readstream=\read2
\bbl@dirlevel=\count272

*************************************
* Local config file bblopts.cfg used
*
(C:\Users\Alessio\AppData\Local\Programs\MiKTeX\tex/latex/arabi\bblopts.cfg
File: bblopts.cfg 2005/09/08 v0.1 add Arabic and Farsi to "declared" options of babel
) (C:\Users\Alessio\AppData\Local\Programs\MiKTeX\tex/latex/babel-italian\italian.ldf
Language: italian 2024/10/10 v.1.5.01 Italian support for the babel system
\it@lettering=\count273
\it@doublequoteactive=\count274
\it@ISOcompliance=\count275
)) (C:\Users\Alessio\AppData\Local\Programs\MiKTeX\tex/generic/babel/locale/it\babel-italian.tex
Package babel Info: Importing font and identification data for italian
(babel)             from babel-it.ini. Reported on input line 11.
) (C:\Users\Alessio\AppData\Local\Programs\MiKTeX\tex/latex/etoolbox\etoolbox.sty
Package: etoolbox 2020/10/05 v2.5k e-TeX tools for LaTeX (JAW)
\etb@tempcnta=\count276
) (C:\Users\Alessio\AppData\Local\Programs\MiKTeX\tex/latex/base\inputenc.sty
Package: inputenc 2024/02/08 v1.3d Input encoding file
\inpenc@prehook=\toks17
\inpenc@posthook=\toks18
) (C:\Users\Alessio\AppData\Local\Programs\MiKTeX\tex/latex/graphics\graphicx.sty
Package: graphicx 2021/09/16 v1.2d Enhanced LaTeX Graphics (DPC,SPQR)
 (C:\Users\Alessio\AppData\Local\Programs\MiKTeX\tex/latex/graphics\keyval.sty
Package: keyval 2022/05/29 v1.15 key=value parser (DPC)
\KV@toks@=\toks19
) (C:\Users\Alessio\AppData\Local\Programs\MiKTeX\tex/latex/graphics\graphics.sty
Package: graphics 2024/08/06 v1.4g Standard LaTeX Graphics (DPC,SPQR)
 (C:\Users\Alessio\AppData\Local\Programs\MiKTeX\tex/latex/graphics\trig.sty
Package: trig 2023/12/02 v1.11 sin cos tan (DPC)
) (C:\Users\Alessio\AppData\Local\Programs\MiKTeX\tex/latex/graphics-cfg\graphics.cfg
File: graphics.cfg 2016/06/04 v1.11 sample graphics configuration
)
Package graphics Info: Driver file: pdftex.def on input line 106.
 (C:\Users\Alessio\AppData\Local\Programs\MiKTeX\tex/latex/graphics-def\pdftex.def
File: pdftex.def 2024/04/13 v1.2c Graphics/color driver for pdftex
))
\Gin@req@height=\dimen143
\Gin@req@width=\dimen144
) (C:\Users\Alessio\AppData\Local\Programs\MiKTeX\tex/latex/float\float.sty
Package: float 2001/11/08 v1.3d Float enhancements (AL)
\c@float@type=\count277
\float@exts=\toks20
\float@box=\box52
\@float@everytoks=\toks21
\@floatcapt=\box53
) (C:\Users\Alessio\AppData\Local\Programs\MiKTeX\tex/latex/hyperref\hyperref.sty
Package: hyperref 2024-11-05 v7.01l Hypertext links for LaTeX
 (C:\Users\Alessio\AppData\Local\Programs\MiKTeX\tex/generic/iftex\iftex.sty
Package: iftex 2024/12/12 v1.0g TeX engine tests
) (C:\Users\Alessio\AppData\Local\Programs\MiKTeX\tex/latex/kvsetkeys\kvsetkeys.sty
Package: kvsetkeys 2022-10-05 v1.19 Key value parser (HO)
) (C:\Users\Alessio\AppData\Local\Programs\MiKTeX\tex/generic/kvdefinekeys\kvdefinekeys.sty
Package: kvdefinekeys 2019-12-19 v1.6 Define keys (HO)
) (C:\Users\Alessio\AppData\Local\Programs\MiKTeX\tex/generic/pdfescape\pdfescape.sty
Package: pdfescape 2019/12/09 v1.15 Implements pdfTeX's escape features (HO)
 (C:\Users\Alessio\AppData\Local\Programs\MiKTeX\tex/generic/ltxcmds\ltxcmds.sty
Package: ltxcmds 2023-12-04 v1.26 LaTeX kernel commands for general use (HO)
) (C:\Users\Alessio\AppData\Local\Programs\MiKTeX\tex/generic/pdftexcmds\pdftexcmds.sty
Package: pdftexcmds 2020-06-27 v0.33 Utility functions of pdfTeX for LuaTeX (HO)
 (C:\Users\Alessio\AppData\Local\Programs\MiKTeX\tex/generic/infwarerr\infwarerr.sty
Package: infwarerr 2019/12/03 v1.5 Providing info/warning/error messages (HO)
)
Package pdftexcmds Info: \pdf@primitive is available.
Package pdftexcmds Info: \pdf@ifprimitive is available.
Package pdftexcmds Info: \pdfdraftmode found.
)) (C:\Users\Alessio\AppData\Local\Programs\MiKTeX\tex/latex/hycolor\hycolor.sty
Package: hycolor 2020-01-27 v1.10 Color options for hyperref/bookmark (HO)
) (C:\Users\Alessio\AppData\Local\Programs\MiKTeX\tex/latex/hyperref\nameref.sty
Package: nameref 2023-11-26 v2.56 Cross-referencing by name of section
 (C:\Users\Alessio\AppData\Local\Programs\MiKTeX\tex/latex/refcount\refcount.sty
Package: refcount 2019/12/15 v3.6 Data extraction from label references (HO)
) (C:\Users\Alessio\AppData\Local\Programs\MiKTeX\tex/generic/gettitlestring\gettitlestring.sty
Package: gettitlestring 2019/12/15 v1.6 Cleanup title references (HO)
 (C:\Users\Alessio\AppData\Local\Programs\MiKTeX\tex/latex/kvoptions\kvoptions.sty
Package: kvoptions 2022-06-15 v3.15 Key value format for package options (HO)
))
\c@section@level=\count278
) (C:\Users\Alessio\AppData\Local\Programs\MiKTeX\tex/generic/stringenc\stringenc.sty
Package: stringenc 2019/11/29 v1.12 Convert strings between diff. encodings (HO)
)
\@linkdim=\dimen145
\Hy@linkcounter=\count279
\Hy@pagecounter=\count280
 (C:\Users\Alessio\AppData\Local\Programs\MiKTeX\tex/latex/hyperref\pd1enc.def
File: pd1enc.def 2024-11-05 v7.01l Hyperref: PDFDocEncoding definition (HO)
Now handling font encoding PD1 ...
... no UTF-8 mapping file for font encoding PD1
) (C:\Users\Alessio\AppData\Local\Programs\MiKTeX\tex/generic/intcalc\intcalc.sty
Package: intcalc 2019/12/15 v1.3 Expandable calculations with integers (HO)
)
\Hy@SavedSpaceFactor=\count281
 (C:\Users\Alessio\AppData\Local\Programs\MiKTeX\tex/latex/hyperref\puenc.def
File: puenc.def 2024-11-05 v7.01l Hyperref: PDF Unicode definition (HO)
Now handling font encoding PU ...
... no UTF-8 mapping file for font encoding PU
)
Package hyperref Info: Hyper figures OFF on input line 4157.
Package hyperref Info: Link nesting OFF on input line 4162.
Package hyperref Info: Hyper index ON on input line 4165.
Package hyperref Info: Plain pages OFF on input line 4172.
Package hyperref Info: Backreferencing OFF on input line 4177.
Package hyperref Info: Implicit mode ON; LaTeX internals redefined.
Package hyperref Info: Bookmarks ON on input line 4424.
\c@Hy@tempcnt=\count282
 (C:\Users\Alessio\AppData\Local\Programs\MiKTeX\tex/latex/url\url.sty
\Urlmuskip=\muskip17
Package: url 2013/09/16  ver 3.4  Verb mode for urls, etc.
)
LaTeX Info: Redefining \url on input line 4763.
\XeTeXLinkMargin=\dimen146
 (C:\Users\Alessio\AppData\Local\Programs\MiKTeX\tex/generic/bitset\bitset.sty
Package: bitset 2019/12/09 v1.3 Handle bit-vector datatype (HO)
 (C:\Users\Alessio\AppData\Local\Programs\MiKTeX\tex/generic/bigintcalc\bigintcalc.sty
Package: bigintcalc 2019/12/15 v1.5 Expandable calculations on big integers (HO)
))
\Fld@menulength=\count283
\Field@Width=\dimen147
\Fld@charsize=\dimen148
Package hyperref Info: Hyper figures OFF on input line 6042.
Package hyperref Info: Link nesting OFF on input line 6047.
Package hyperref Info: Hyper index ON on input line 6050.
Package hyperref Info: backreferencing OFF on input line 6057.
Package hyperref Info: Link coloring OFF on input line 6062.
Package hyperref Info: Link coloring with OCG OFF on input line 6067.
Package hyperref Info: PDF/A mode OFF on input line 6072.
 (C:\Users\Alessio\AppData\Local\Programs\MiKTeX\tex/latex/base\atbegshi-ltx.sty
Package: atbegshi-ltx 2021/01/10 v1.0c Emulation of the original atbegshi
package with kernel methods
)
\Hy@abspage=\count284
\c@Item=\count285
\c@Hfootnote=\count286
)
Package hyperref Info: Driver (autodetected): hpdftex.
 (C:\Users\Alessio\AppData\Local\Programs\MiKTeX\tex/latex/hyperref\hpdftex.def
File: hpdftex.def 2024-11-05 v7.01l Hyperref driver for pdfTeX
 (C:\Users\Alessio\AppData\Local\Programs\MiKTeX\tex/latex/base\atveryend-ltx.sty
Package: atveryend-ltx 2020/08/19 v1.0a Emulation of the original atveryend package
with kernel methods
)
\Fld@listcount=\count287
\c@bookmark@seq@number=\count288
 (C:\Users\Alessio\AppData\Local\Programs\MiKTeX\tex/latex/rerunfilecheck\rerunfilecheck.sty
Package: rerunfilecheck 2022-07-10 v1.10 Rerun checks for auxiliary files (HO)
 (C:\Users\Alessio\AppData\Local\Programs\MiKTeX\tex/generic/uniquecounter\uniquecounter.sty
Package: uniquecounter 2019/12/15 v1.4 Provide unlimited unique counter (HO)
)
Package uniquecounter Info: New unique counter `rerunfilecheck' on input line 285.
)
\Hy@SectionHShift=\skip51
) (C:\Users\Alessio\AppData\Local\Programs\MiKTeX\tex/latex/tools\longtable.sty
Package: longtable 2024-10-27 v4.22 Multi-page Table package (DPC)
\LTleft=\skip52
\LTright=\skip53
\LTpre=\skip54
\LTpost=\skip55
\LTchunksize=\count289
\LTcapwidth=\dimen149
\LT@head=\box54
\LT@firsthead=\box55
\LT@foot=\box56
\LT@lastfoot=\box57
\LT@gbox=\box58
\LT@cols=\count290
\LT@rows=\count291
\c@LT@tables=\count292
\c@LT@chunks=\count293
\LT@p@ftn=\toks22
) (C:\Users\Alessio\AppData\Local\Programs\MiKTeX\tex/latex/needspace\needspace.sty
Package: needspace 2010/09/12 v1.3d reserve vertical space
) (C:\Users\Alessio\AppData\Local\Programs\MiKTeX\tex/latex/l3backend\l3backend-pdftex.def
File: l3backend-pdftex.def 2024-05-08 L3 backend support: PDF output (pdfTeX)
\l__color_backend_stack_int=\count294
\l__pdf_internal_box=\box59
) (tesi.aux)
\openout1 = `tesi.aux'.

LaTeX Font Info:    Checking defaults for OML/cmm/m/it on input line 10.
LaTeX Font Info:    ... okay on input line 10.
LaTeX Font Info:    Checking defaults for OMS/cmsy/m/n on input line 10.
LaTeX Font Info:    ... okay on input line 10.
LaTeX Font Info:    Checking defaults for OT1/cmr/m/n on input line 10.
LaTeX Font Info:    ... okay on input line 10.
LaTeX Font Info:    Checking defaults for T1/cmr/m/n on input line 10.
LaTeX Font Info:    ... okay on input line 10.
LaTeX Font Info:    Checking defaults for TS1/cmr/m/n on input line 10.
LaTeX Font Info:    ... okay on input line 10.
LaTeX Font Info:    Checking defaults for OMX/cmex/m/n on input line 10.
LaTeX Font Info:    ... okay on input line 10.
LaTeX Font Info:    Checking defaults for U/cmr/m/n on input line 10.
LaTeX Font Info:    ... okay on input line 10.
LaTeX Font Info:    Checking defaults for PD1/pdf/m/n on input line 10.
LaTeX Font Info:    ... okay on input line 10.
LaTeX Font Info:    Checking defaults for PU/pdf/m/n on input line 10.
LaTeX Font Info:    ... okay on input line 10.
LaTeX Info: Redefining \it@ocap on input line 10.
LaTeX Info: Redefining \it@ccap on input line 10.


File italian.ldf warning: 
italian.ldf    With OT1 encoding guillemets are poorly faked
italian.ldf    Use T1 encoding
italian.ldf    or specify a font with command \CaporaliFrom
italian.ldf    See the documentation concerning the babel-italian typesetting
italian.ldf    on input line 10.

(C:\Users\Alessio\AppData\Local\Programs\MiKTeX\tex/context/base/mkii\supp-pdf.mkii
[Loading MPS to PDF converter (version 2006.09.02).]
\scratchcounter=\count295
\scratchdimen=\dimen150
\scratchbox=\box60
\nofMPsegments=\count296
\nofMParguments=\count297
\everyMPshowfont=\toks23
\MPscratchCnt=\count298
\MPscratchDim=\dimen151
\MPnumerator=\count299
\makeMPintoPDFobject=\count300
\everyMPtoPDFconversion=\toks24
) (C:\Users\Alessio\AppData\Local\Programs\MiKTeX\tex/latex/epstopdf-pkg\epstopdf-base.sty
Package: epstopdf-base 2020-01-24 v2.11 Base part for package epstopdf
Package epstopdf-base Info: Redefining graphics rule for `.eps' on input line 485.
 (C:\Users\Alessio\AppData\Local\Programs\MiKTeX\tex/latex/00miktex\epstopdf-sys.cfg
File: epstopdf-sys.cfg 2021/03/18 v2.0 Configuration of epstopdf for MiKTeX
))
Package hyperref Info: Link coloring OFF on input line 10.
 (tesi.out) (tesi.out)
\@outlinefile=\write3
\openout3 = `tesi.out'.

LaTeX Font Info:    External font `cmex10' loaded for size
(Font)              <14.4> on input line 20.
LaTeX Font Info:    External font `cmex10' loaded for size
(Font)              <7> on input line 20.


[1

{C:/Users/Alessio/AppData/Local/MiKTeX/fonts/map/pdftex/pdftex.map}] (tesi.toc
LaTeX Font Info:    External font `cmex10' loaded for size
(Font)              <12> on input line 4.
LaTeX Font Info:    External font `cmex10' loaded for size
(Font)              <8> on input line 4.
LaTeX Font Info:    External font `cmex10' loaded for size
(Font)              <6> on input line 4.
)
\tf@toc=\write4
\openout4 = `tesi.toc'.




pdfTeX warning (ext4): destination with the same identifier (name{page.1}) has been already used, duplicate ignored
<to be read again> 
                   \relax 
l.24 \chapter
             {Introduzione} [1

]
Capitolo 1.


[2

]
<../image/Library.png, id=171, 315.1775pt x 558.085pt>
File: ../image/Library.png Graphic file (type png)
<use ../image/Library.png>
Package pdftex.def Info: ../image/Library.png  used on input line 55.
(pdftex.def)             Requested size: 117.00119pt x 207.16948pt.


[3 <../image/Library.png>]
Capitolo 2.
<../image/psu.png, id=183, 767.86874pt x 255.95625pt>
File: ../image/psu.png Graphic file (type png)
<use ../image/psu.png>
Package pdftex.def Info: ../image/psu.png  used on input line 72.
(pdftex.def)             Requested size: 390.0pt x 130.00089pt.


[4

 <../image/psu.png>]

[5]
<../image/IngressiDigitali.png, id=201, 555.07375pt x 414.54875pt>
File: ../image/IngressiDigitali.png Graphic file (type png)
<use ../image/IngressiDigitali.png>
Package pdftex.def Info: ../image/IngressiDigitali.png  used on input line 121.
(pdftex.def)             Requested size: 390.0pt x 291.27013pt.


[6 <../image/IngressiDigitali.png>]

[7]
<../image/CD405xB.png, id=216, 694.595pt x 601.24625pt>
File: ../image/CD405xB.png Graphic file (type png)
<use ../image/CD405xB.png>
Package pdftex.def Info: ../image/CD405xB.png  used on input line 156.
(pdftex.def)             Requested size: 195.0pt x 168.78816pt.
<../image/channelMultiplex.png, id=217, 1731.46875pt x 2312.64pt>
File: ../image/channelMultiplex.png Graphic file (type png)
<use ../image/channelMultiplex.png>
Package pdftex.def Info: ../image/channelMultiplex.png  used on input line 186.
(pdftex.def)             Requested size: 390.0pt x 520.88617pt.


[8 <../image/CD405xB.png>]

[9]

[10 <../image/channelMultiplex.png>]
<../image/SD_and_W5500.png, id=239, 418.56375pt x 610.28pt>
File: ../image/SD_and_W5500.png Graphic file (type png)
<use ../image/SD_and_W5500.png>
Package pdftex.def Info: ../image/SD_and_W5500.png  used on input line 243.
(pdftex.def)             Requested size: 272.99881pt x 398.03687pt.


[11]

[12 <../image/SD_and_W5500.png>]

[13]
<../image/ModbusWiring.png, id=273, 710.655pt x 803.0pt>
File: ../image/ModbusWiring.png Graphic file (type png)
<use ../image/ModbusWiring.png>
Package pdftex.def Info: ../image/ModbusWiring.png  used on input line 288.
(pdftex.def)             Requested size: 350.99762pt x 396.6224pt.


[14 <../image/ModbusWiring.png>]

[15]
<../image/ADC.png, id=285, 1151.30125pt x 434.62375pt>
File: ../image/ADC.png Graphic file (type png)
<use ../image/ADC.png>
Package pdftex.def Info: ../image/ADC.png  used on input line 324.
(pdftex.def)             Requested size: 390.0pt x 147.2263pt.


[16 <../image/ADC.png>]
<../image/ESP-38Pin-pinout.jpg, id=294, 832.5504pt x 473.6094pt>
File: ../image/ESP-38Pin-pinout.jpg Graphic file (type jpg)
<use ../image/ESP-38Pin-pinout.jpg>
Package pdftex.def Info: ../image/ESP-38Pin-pinout.jpg  used on input line 355.
(pdftex.def)             Requested size: 390.0pt x 221.85933pt.


[17]
Overfull \hbox (12.066pt too wide) in paragraph at lines 363--399
 [][] 
 []



[18 <../image/ESP-38Pin-pinout.jpg>]

[19]
Capitolo 3.
<../image/uml.png, id=311, 1803.73875pt x 948.54375pt>
File: ../image/uml.png Graphic file (type png)
<use ../image/uml.png>
Package pdftex.def Info: ../image/uml.png  used on input line 407.
(pdftex.def)             Requested size: 390.0pt x 205.09082pt.


[20

 <../image/uml.png>]

[21]

[22]
Overfull \hbox (42.25021pt too wide) in paragraph at lines 492--492
[]        \OT1/cmtt/m/n/12 static String generateHTML(std::vector<std::string> ssidList);[] 
 []


Overfull \hbox (388.05038pt too wide) in paragraph at lines 492--492
[]        \OT1/cmtt/m/n/12 static String generateComponents(std::vector<std::string> &networks); //Componente che vogliamo aggiungere alla pagina[] 
 []


Overfull \hbox (116.35025pt too wide) in paragraph at lines 540--540
[]    \OT1/cmtt/m/n/12 String viewConfig::generateListComponents( std::vector<std::string> &networks)[] 
 []


Overfull \hbox (295.42534pt too wide) in paragraph at lines 540--540
[]            \OT1/cmtt/m/n/12 html += "<option value='" + String(network.c_str()) + "'>" + String(network.c_str()) + "</option>";[] 
 []



[23]
Overfull \hbox (110.17525pt too wide) in paragraph at lines 540--540
[]        \OT1/cmtt/m/n/12 html += "<input type='password' id='password' name='password' required>";[] 
 []


Overfull \hbox (42.25021pt too wide) in paragraph at lines 540--540
[]    \OT1/cmtt/m/n/12 String viewConfig::generateHTML(std::vector<std::string> ssidList)[] 
 []


Overfull \hbox (23.7252pt too wide) in paragraph at lines 540--540
[]        \OT1/cmtt/m/n/12 String html = viewGeneric::defaultCssHeader("Config Page");[] 
 []


Overfull \hbox (159.57527pt too wide) in paragraph at lines 562--562
[]        \OT1/cmtt/m/n/12 server.on("/new_component_routes", HTTP_GET, [](AsyncWebServerRequest *request) {[] 
 []


Overfull \hbox (320.12535pt too wide) in paragraph at lines 562--562
[]            \OT1/cmtt/m/n/12 String htmlContent = viewConfig::generateHTML(SystemState::getInstance()->wifiManager->scanNetworks());[] 
 []



[24]

[25]
Capitolo 4.

Overfull \hbox (24.0pt too wide) in alignment at lines 587--590
 [] [] 
 []


Overfull \hbox (24.0pt too wide) in alignment at lines 590--593
 [] [] 
 []


Overfull \hbox (24.0pt too wide) in alignment at lines 593--595
 [] [] 
 []


Underfull \hbox (badness 1331) in paragraph at lines 599--599
[]|\OT1/cmr/bx/n/12 Comunicazione RS485
 []


Overfull \hbox (24.0pt too wide) in alignment at lines 595--603
 [] [] 
 []



[26

]
Capitolo 5.


[27

] (tesi.aux)
 ***********
LaTeX2e <2024-11-01> patch level 2
L3 programming layer <2025-01-18>
 ***********
Package rerunfilecheck Info: File `tesi.out' has not changed.
(rerunfilecheck)             Checksum: AE74F82D6CB4B0D6F1F2958BC87B51BF;3321.
 ) 
Here is how much of TeX's memory you used:
 10065 strings out of 473530
 162415 string characters out of 5713827
 586613 words of memory out of 5000000
 33066 multiletter control sequences out of 15000+600000
 565771 words of font info for 59 fonts, out of 8000000 for 9000
 1141 hyphenation exceptions out of 8191
 75i,10n,79p,432b,602s stack positions out of 10000i,1000n,20000p,200000b,200000s
 <C:\Users\Alessio\AppData\Local\MiKTeX\fonts/pk/ljfour/jknappen/ec/dpi600\tcrm1200.pk><C:/Users/Alessio/AppData/Local/Programs/MiKTeX/fonts/type1/public/amsfonts/cm/cmbx12.pfb><C:/Users/Alessio/AppData/Local/Programs/MiKTeX/fonts/type1/public/amsfonts/cm/cmmi12.pfb><C:/Users/Alessio/AppData/Local/Programs/MiKTeX/fonts/type1/public/amsfonts/cm/cmmi8.pfb><C:/Users/Alessio/AppData/Local/Programs/MiKTeX/fonts/type1/public/amsfonts/cm/cmr12.pfb><C:/Users/Alessio/AppData/Local/Programs/MiKTeX/fonts/type1/public/amsfonts/cm/cmr17.pfb><C:/Users/Alessio/AppData/Local/Programs/MiKTeX/fonts/type1/public/amsfonts/cm/cmr8.pfb><C:/Users/Alessio/AppData/Local/Programs/MiKTeX/fonts/type1/public/amsfonts/cm/cmsy10.pfb><C:/Users/Alessio/AppData/Local/Programs/MiKTeX/fonts/type1/public/amsfonts/cm/cmti12.pfb><C:/Users/Alessio/AppData/Local/Programs/MiKTeX/fonts/type1/public/amsfonts/cm/cmtt12.pfb>
Output written on tesi.pdf (28 pages, 2068868 bytes).
PDF statistics:
 436 PDF objects out of 1000 (max. 8388607)
 117 named destinations out of 1000 (max. 500000)
 267 words of extra memory for PDF output out of 10000 (max. 10000000)

